<?xml version="1.0" encoding="UTF-8"?>
<testng-results skipped="0" failed="0" total="1" passed="1">
  <reporter-output>
  </reporter-output>
  <suite name="Default suite" duration-ms="17831" started-at="2020-03-03T18:30:51Z" finished-at="2020-03-03T18:31:08Z">
    <groups>
    </groups>
    <test name="Default test" duration-ms="17831" started-at="2020-03-03T18:30:51Z" finished-at="2020-03-03T18:31:08Z">
      <class name="com.training.sanity.tests.PasswordReset">
        <test-method status="PASS" signature="setUpBeforeClass()[pri:0, instance:com.training.sanity.tests.PasswordReset@675d3402]" name="setUpBeforeClass" is-config="true" duration-ms="25" started-at="2020-03-04T00:00:51Z" finished-at="2020-03-04T00:00:51Z">
          <reporter-output>
          </reporter-output>
        </test-method> <!-- setUpBeforeClass -->
        <test-method status="PASS" signature="setUp()[pri:0, instance:com.training.sanity.tests.PasswordReset@675d3402]" name="setUp" is-config="true" duration-ms="14565" started-at="2020-03-04T00:00:51Z" finished-at="2020-03-04T00:01:05Z">
          <reporter-output>
          </reporter-output>
        </test-method> <!-- setUp -->
        <test-method status="PASS" signature="validLoginTest()[pri:0, instance:com.training.sanity.tests.PasswordReset@675d3402]" name="validLoginTest" duration-ms="3207" started-at="2020-03-04T00:01:05Z" finished-at="2020-03-04T00:01:08Z">
          <reporter-output>
          </reporter-output>
        </test-method> <!-- validLoginTest -->
      </class> <!-- com.training.sanity.tests.PasswordReset -->
    </test> <!-- Default test -->
  </suite> <!-- Default suite -->
</testng-results>
